----------  Runtime Data  ----------
Program Start Time:                   Mon May  5 22:41:14 2025
Simulation Start Time:                Mon May  5 22:41:15 2025
Simulation End Time:                  Mon May  5 22:45:05 2025
Total Time Steps:                     232
Time Waiting for Simulation to Start: 0.9394757747650146
Time Spent in Simulation:             229.6977858543396
Total Time:                           230.63726162910461

----------  Elevator Data  ----------
Elevator ID: HotelBayA
	Elevator End Floor:      8
	Elevator Occupant Count: 14
Elevator ID: HotelBayB
	Elevator End Floor:      5
	Elevator Occupant Count: 12
Elevator ID: HotelBayC
	Elevator End Floor:      1
	Elevator Occupant Count: 13
Elevator ID: Conference
	Elevator End Floor:      3
	Elevator Occupant Count: 11

----------  Person Data  ----------
Total People: 50
Person with Shortest Travel Time: Derek
	Elevator Bay: Conference
	Start Floor:  2
	End Floor:    1
	Start Time:   89
	End Time:     105
	Travel Time:  16
Person with Longest Travel Time: Brittany
	Elevator Bay: HotelBayB
	Start Floor:  3
	End Floor:    1
	Start Time:   36
	End Time:     203
	Travel Time:  167

----------  Final Statistics  ----------
Total People:                       50
People Remaining in Queue:          0
People Still Waiting for Elevator:  0
People Remaining in Elevators:      0
People Who Completed Their Journey: 50

